2026-03-30 15:15:31,054 | INFO  | CpuLiveServerless:kbpg0w9y3o7y3b | API /run
2026-03-30 15:15:32,005 | INFO  | CpuLiveServerless:kbpg0w9y3o7y3b | Started Job:c0e7aac9-568e-4dd7-ab67-ea94b8b1de6a-e2
2026-03-30 15:15:32,307 | INFO  | Job:c0e7aac9-568e-4dd7-ab67-ea94b8b1de6a-e2 | Status: IN_QUEUE
2026-03-30 15:15:33,123 | INFO  | Job:c0e7aac9-568e-4dd7-ab67-ea94b8b1de6a-e2 | .
2026-03-30 15:15:34,733 | INFO  | Job:c0e7aac9-568e-4dd7-ab67-ea94b8b1de6a-e2 | ..
2026-03-30 15:15:40,543 | INFO  | Job:c0e7aac9-568e-4dd7-ab67-ea94b8b1de6a-e2 | ...
2026-03-30 15:15:59,744 | INFO  | Job:c0e7aac9-568e-4dd7-ab67-ea94b8b1de6a-e2 | ....
2026-03-30 15:16:19,864 | INFO  | Job:c0e7aac9-568e-4dd7-ab67-ea94b8b1de6a-e2 | .....
2026-03-30 15:16:29,616 | INFO  | Job:c0e7aac9-568e-4dd7-ab67-ea94b8b1de6a-e2 | Status: COMPLETED
2026-03-30 15:16:29,826 | INFO  | Worker:l6sqhel86g6gpz | Delay Time: 53375 ms
2026-03-30 15:16:29,826 | INFO  | Worker:l6sqhel86g6gpz | Execution Time: 42 ms
2026-03-30 15:16:57,637 | ERROR | HTTP client error: Server disconnected
2026-03-30 15:16:57,640 | ERROR | LiveServerless:None failed to deploy: HTTP request failed: Server disconnected
2026-03-30 15:32:02,333 | INFO  | LiveServerless:kail5g8zlnxqun | API /run
2026-03-30 15:32:03,245 | INFO  | LiveServerless:kail5g8zlnxqun | Started Job:fe8c52e1-47e1-41ab-b49b-fd8ff7b578b1-e1
2026-03-30 15:32:03,450 | INFO  | Job:fe8c52e1-47e1-41ab-b49b-fd8ff7b578b1-e1 | Status: IN_QUEUE
2026-03-30 15:32:04,363 | INFO  | Job:fe8c52e1-47e1-41ab-b49b-fd8ff7b578b1-e1 | .
2026-03-30 15:32:06,208 | INFO  | Job:fe8c52e1-47e1-41ab-b49b-fd8ff7b578b1-e1 | ..
2026-03-30 15:32:11,429 | INFO  | Job:fe8c52e1-47e1-41ab-b49b-fd8ff7b578b1-e1 | ...
2026-03-30 15:32:31,185 | INFO  | Job:fe8c52e1-47e1-41ab-b49b-fd8ff7b578b1-e1 | ....
2026-03-30 15:32:50,616 | INFO  | Job:fe8c52e1-47e1-41ab-b49b-fd8ff7b578b1-e1 | .....
2026-03-30 15:33:11,539 | INFO  | Job:fe8c52e1-47e1-41ab-b49b-fd8ff7b578b1-e1 | ......
2026-03-30 15:33:37,529 | INFO  | Job:fe8c52e1-47e1-41ab-b49b-fd8ff7b578b1-e1 | .......
2026-03-30 15:33:57,653 | INFO  | Job:fe8c52e1-47e1-41ab-b49b-fd8ff7b578b1-e1 | ........
2026-03-30 15:34:16,370 | INFO  | Job:fe8c52e1-47e1-41ab-b49b-fd8ff7b578b1-e1 | .........
2026-03-30 15:34:34,996 | INFO  | Job:fe8c52e1-47e1-41ab-b49b-fd8ff7b578b1-e1 | ..........
2026-03-30 15:34:57,318 | INFO  | Job:fe8c52e1-47e1-41ab-b49b-fd8ff7b578b1-e1 | ...........
2026-03-30 15:35:16,577 | INFO  | Job:fe8c52e1-47e1-41ab-b49b-fd8ff7b578b1-e1 | ............
2026-03-30 15:35:37,434 | INFO  | Job:fe8c52e1-47e1-41ab-b49b-fd8ff7b578b1-e1 | .............
2026-03-30 15:35:58,965 | INFO  | Job:fe8c52e1-47e1-41ab-b49b-fd8ff7b578b1-e1 | ..............
2026-03-30 15:36:20,980 | INFO  | Job:fe8c52e1-47e1-41ab-b49b-fd8ff7b578b1-e1 | ...............
2026-03-30 15:36:44,124 | INFO  | Job:fe8c52e1-47e1-41ab-b49b-fd8ff7b578b1-e1 | ................
2026-03-30 15:37:05,830 | INFO  | Job:fe8c52e1-47e1-41ab-b49b-fd8ff7b578b1-e1 | .................
2026-03-30 15:37:24,671 | INFO  | Job:fe8c52e1-47e1-41ab-b49b-fd8ff7b578b1-e1 | ..................
2026-03-30 15:37:48,884 | INFO  | Job:fe8c52e1-47e1-41ab-b49b-fd8ff7b578b1-e1 | ...................
2026-03-30 15:38:09,590 | INFO  | Job:fe8c52e1-47e1-41ab-b49b-fd8ff7b578b1-e1 | ....................
2026-03-30 15:38:32,978 | INFO  | Job:fe8c52e1-47e1-41ab-b49b-fd8ff7b578b1-e1 | .....................
2026-03-30 15:38:54,076 | INFO  | Job:fe8c52e1-47e1-41ab-b49b-fd8ff7b578b1-e1 | ......................
2026-03-30 15:39:16,677 | INFO  | Job:fe8c52e1-47e1-41ab-b49b-fd8ff7b578b1-e1 | .......................
2026-03-30 15:39:40,536 | INFO  | Job:fe8c52e1-47e1-41ab-b49b-fd8ff7b578b1-e1 | ........................
2026-03-30 15:40:00,294 | INFO  | Job:fe8c52e1-47e1-41ab-b49b-fd8ff7b578b1-e1 | .........................
2026-03-30 15:40:24,024 | INFO  | Job:fe8c52e1-47e1-41ab-b49b-fd8ff7b578b1-e1 | ..........................
2026-03-30 15:40:43,790 | INFO  | Job:fe8c52e1-47e1-41ab-b49b-fd8ff7b578b1-e1 | ...........................
2026-03-30 15:41:06,180 | INFO  | Job:fe8c52e1-47e1-41ab-b49b-fd8ff7b578b1-e1 | ............................
2026-03-30 15:41:28,845 | INFO  | Job:fe8c52e1-47e1-41ab-b49b-fd8ff7b578b1-e1 | .............................
2026-03-30 15:41:50,045 | INFO  | Job:fe8c52e1-47e1-41ab-b49b-fd8ff7b578b1-e1 | ..............................
2026-03-30 15:42:12,730 | INFO  | Job:fe8c52e1-47e1-41ab-b49b-fd8ff7b578b1-e1 | ...............................
2026-03-30 15:42:35,113 | INFO  | Job:fe8c52e1-47e1-41ab-b49b-fd8ff7b578b1-e1 | ................................
2026-03-30 15:42:57,887 | INFO  | Job:fe8c52e1-47e1-41ab-b49b-fd8ff7b578b1-e1 | .................................
2026-03-30 15:43:20,963 | INFO  | Job:fe8c52e1-47e1-41ab-b49b-fd8ff7b578b1-e1 | ..................................
2026-03-30 15:43:52,804 | ERROR | LiveServerless:kail5g8zlnxqun | Exception: HTTPSConnectionPool(host='api.runpod.ai', port=443): Read timed out. (read timeout=10)
2026-03-30 16:08:40,681 | INFO  | LiveServerless:kail5g8zlnxqun | API /run
2026-03-30 16:08:42,247 | INFO  | LiveServerless:kail5g8zlnxqun | Started Job:22b1a9f1-d093-431e-8454-ad99ce3e332d-e2
2026-03-30 16:08:42,430 | INFO  | Job:22b1a9f1-d093-431e-8454-ad99ce3e332d-e2 | Status: IN_QUEUE
2026-03-30 16:08:43,212 | INFO  | Job:22b1a9f1-d093-431e-8454-ad99ce3e332d-e2 | .
2026-03-30 16:08:45,561 | INFO  | Job:22b1a9f1-d093-431e-8454-ad99ce3e332d-e2 | ..
2026-03-30 16:08:52,393 | INFO  | Job:22b1a9f1-d093-431e-8454-ad99ce3e332d-e2 | ...
2026-03-30 16:09:08,022 | INFO  | Job:22b1a9f1-d093-431e-8454-ad99ce3e332d-e2 | ....
2026-03-30 16:09:27,271 | INFO  | Job:22b1a9f1-d093-431e-8454-ad99ce3e332d-e2 | .....
2026-03-30 16:09:46,564 | INFO  | Job:22b1a9f1-d093-431e-8454-ad99ce3e332d-e2 | ......
2026-03-30 16:10:08,107 | INFO  | Job:22b1a9f1-d093-431e-8454-ad99ce3e332d-e2 | .......
2026-03-30 16:10:27,937 | INFO  | Job:22b1a9f1-d093-431e-8454-ad99ce3e332d-e2 | ........
2026-03-30 16:10:48,160 | INFO  | Job:22b1a9f1-d093-431e-8454-ad99ce3e332d-e2 | .........
2026-03-30 16:11:09,453 | INFO  | Job:22b1a9f1-d093-431e-8454-ad99ce3e332d-e2 | ..........
2026-03-30 16:11:30,732 | INFO  | Job:22b1a9f1-d093-431e-8454-ad99ce3e332d-e2 | ...........
2026-03-30 16:11:50,909 | INFO  | Job:22b1a9f1-d093-431e-8454-ad99ce3e332d-e2 | ............
2026-03-30 16:12:12,201 | INFO  | Job:22b1a9f1-d093-431e-8454-ad99ce3e332d-e2 | .............
2026-03-30 16:12:29,980 | INFO  | Job:22b1a9f1-d093-431e-8454-ad99ce3e332d-e2 | ..............
2026-03-30 16:12:51,529 | INFO  | Job:22b1a9f1-d093-431e-8454-ad99ce3e332d-e2 | ...............
2026-03-30 16:13:12,932 | INFO  | Job:22b1a9f1-d093-431e-8454-ad99ce3e332d-e2 | ................
2026-03-30 16:13:32,142 | INFO  | Job:22b1a9f1-d093-431e-8454-ad99ce3e332d-e2 | .................
2026-03-30 16:13:56,325 | INFO  | Job:22b1a9f1-d093-431e-8454-ad99ce3e332d-e2 | ..................
2026-03-30 16:14:16,739 | INFO  | Job:22b1a9f1-d093-431e-8454-ad99ce3e332d-e2 | ...................
2026-03-30 16:14:38,476 | INFO  | Job:22b1a9f1-d093-431e-8454-ad99ce3e332d-e2 | ....................
2026-03-30 16:15:01,915 | INFO  | Job:22b1a9f1-d093-431e-8454-ad99ce3e332d-e2 | .....................
2026-03-30 16:15:23,246 | INFO  | Job:22b1a9f1-d093-431e-8454-ad99ce3e332d-e2 | ......................
2026-03-30 16:15:44,194 | INFO  | Job:22b1a9f1-d093-431e-8454-ad99ce3e332d-e2 | .......................
2026-03-30 16:16:04,181 | INFO  | Job:22b1a9f1-d093-431e-8454-ad99ce3e332d-e2 | ........................
2026-03-30 16:16:25,797 | INFO  | Job:22b1a9f1-d093-431e-8454-ad99ce3e332d-e2 | .........................
2026-03-30 16:16:46,652 | INFO  | Job:22b1a9f1-d093-431e-8454-ad99ce3e332d-e2 | ..........................
2026-03-30 16:17:06,303 | INFO  | Job:22b1a9f1-d093-431e-8454-ad99ce3e332d-e2 | ...........................
2026-03-30 16:17:28,421 | INFO  | Job:22b1a9f1-d093-431e-8454-ad99ce3e332d-e2 | ............................
2026-03-30 16:17:49,689 | INFO  | Job:22b1a9f1-d093-431e-8454-ad99ce3e332d-e2 | .............................
2026-03-30 16:18:11,158 | INFO  | Job:22b1a9f1-d093-431e-8454-ad99ce3e332d-e2 | ..............................
2026-03-30 16:18:34,059 | INFO  | Job:22b1a9f1-d093-431e-8454-ad99ce3e332d-e2 | ...............................
2026-03-30 16:18:54,828 | INFO  | Job:22b1a9f1-d093-431e-8454-ad99ce3e332d-e2 | ................................
2026-03-30 16:19:16,815 | INFO  | Job:22b1a9f1-d093-431e-8454-ad99ce3e332d-e2 | .................................
2026-03-30 16:19:39,664 | INFO  | Job:22b1a9f1-d093-431e-8454-ad99ce3e332d-e2 | ..................................
2026-03-30 16:20:00,488 | INFO  | Job:22b1a9f1-d093-431e-8454-ad99ce3e332d-e2 | ...................................
2026-03-30 16:20:19,540 | INFO  | Job:22b1a9f1-d093-431e-8454-ad99ce3e332d-e2 | ....................................
2026-03-30 16:20:39,887 | INFO  | Job:22b1a9f1-d093-431e-8454-ad99ce3e332d-e2 | .....................................
2026-03-30 16:21:01,831 | INFO  | Job:22b1a9f1-d093-431e-8454-ad99ce3e332d-e2 | ......................................
2026-03-30 16:21:22,106 | INFO  | Job:22b1a9f1-d093-431e-8454-ad99ce3e332d-e2 | .......................................
2026-03-30 16:21:43,295 | INFO  | Job:22b1a9f1-d093-431e-8454-ad99ce3e332d-e2 | ........................................
2026-03-30 16:22:06,604 | INFO  | Job:22b1a9f1-d093-431e-8454-ad99ce3e332d-e2 | .........................................
2026-03-30 16:22:30,912 | INFO  | Job:22b1a9f1-d093-431e-8454-ad99ce3e332d-e2 | ..........................................
2026-03-30 16:22:55,860 | INFO  | Job:22b1a9f1-d093-431e-8454-ad99ce3e332d-e2 | ...........................................
2026-03-30 16:23:18,532 | INFO  | Job:22b1a9f1-d093-431e-8454-ad99ce3e332d-e2 | ............................................
2026-03-30 16:23:40,182 | INFO  | Job:22b1a9f1-d093-431e-8454-ad99ce3e332d-e2 | .............................................
2026-03-30 16:24:02,697 | INFO  | Job:22b1a9f1-d093-431e-8454-ad99ce3e332d-e2 | ..............................................
2026-03-30 16:24:23,768 | INFO  | Job:22b1a9f1-d093-431e-8454-ad99ce3e332d-e2 | ...............................................
2026-03-30 16:24:47,313 | INFO  | Job:22b1a9f1-d093-431e-8454-ad99ce3e332d-e2 | ................................................
2026-03-30 16:25:07,859 | INFO  | Job:22b1a9f1-d093-431e-8454-ad99ce3e332d-e2 | .................................................
2026-03-30 16:39:56,679 | ERROR | LiveServerless:kail5g8zlnxqun | Exception: ('Connection aborted.', RemoteDisconnected('Remote end closed connection without response'))
2026-03-30 16:48:40,500 | INFO  | LiveServerless:kail5g8zlnxqun | API /run
2026-03-30 16:49:07,624 | ERROR | LiveServerless:kail5g8zlnxqun | Exception: HTTPSConnectionPool(host='api.runpod.ai', port=443): Read timed out. (read timeout=10)
2026-03-30 16:55:07,910 | INFO  | LiveServerless:kail5g8zlnxqun | API /run
2026-03-30 16:55:08,368 | INFO  | LiveServerless:kail5g8zlnxqun | Started Job:0eb0f379-72e7-4d97-8e66-f4af72be340f-e1
2026-03-30 16:55:08,568 | INFO  | Job:0eb0f379-72e7-4d97-8e66-f4af72be340f-e1 | Status: IN_QUEUE
2026-03-30 16:55:09,299 | INFO  | Job:0eb0f379-72e7-4d97-8e66-f4af72be340f-e1 | .
2026-03-30 16:55:10,862 | INFO  | Job:0eb0f379-72e7-4d97-8e66-f4af72be340f-e1 | ..
2026-03-30 16:55:15,999 | INFO  | Job:0eb0f379-72e7-4d97-8e66-f4af72be340f-e1 | ...
2026-03-30 16:55:21,747 | INFO  | Job:0eb0f379-72e7-4d97-8e66-f4af72be340f-e1 | Status: COMPLETED
2026-03-30 16:55:21,978 | INFO  | Worker:nkxtty6cbm3iqe | Delay Time: 10157 ms
2026-03-30 16:55:21,978 | INFO  | Worker:nkxtty6cbm3iqe | Execution Time: 2923 ms
2026-03-30 17:04:42,041 | INFO  | LiveServerless:kail5g8zlnxqun | API /run
2026-03-30 17:04:42,489 | INFO  | LiveServerless:kail5g8zlnxqun | Started Job:1542f93c-a916-4999-98fe-8380f4064c41-e2
2026-03-30 17:04:42,788 | INFO  | Job:1542f93c-a916-4999-98fe-8380f4064c41-e2 | Status: COMPLETED
2026-03-30 17:04:42,984 | INFO  | Worker:nkxtty6cbm3iqe | Delay Time: 136 ms
2026-03-30 17:04:42,985 | INFO  | Worker:nkxtty6cbm3iqe | Execution Time: 136 ms
